<?xml version="1.0" encoding="UTF-8"?>
<!-- Generated by org.testng.reporters.JUnitXMLReporter -->
<testsuite ignored="0" hostname="DESKTOP-FV41P2H" failures="0" tests="3" name="Test" time="29.986" errors="0" timestamp="2023-03-08T01:42:08 IST">
  <testcase classname="com.Saucedemo.TestPack.TC03verifyAddToCartfunctionality" name="verifyAddtoCartfunctionality" time="1.722"/>
  <testcase classname="com.Saucedemo.TestPack.TC02verifyLogoutfunctionality" name="verifylogoutfunctionality" time="0.546"/>
  <testcase classname="com.Saucedemo.TestPack.TC01VerifyLoginFunctionality" name="verifyLoginfunctionality" time="0.007"/>
</testsuite> <!-- Test -->
