<?xml version="1.0" encoding="UTF-8"?>
<!-- Generated by org.testng.reporters.JUnitXMLReporter -->
<testsuite ignored="0" hostname="DESKTOP-FV41P2H" failures="0" tests="3" name="Test" time="28.036" errors="0" timestamp="2023-03-07T18:45:54 IST">
  <testcase classname="com.Saucedemo.TestPack.TC01VerifyLoginFunctionality" name="verifyLoginfunctionality" time="0.013"/>
  <testcase classname="com.Saucedemo.TestPack.TC03verifyAddToCartfunctionality" name="verifyAddtoCartfunctionality" time="2.487"/>
  <testcase classname="com.Saucedemo.TestPack.TC02verifyLogoutfunctionality" name="verifylogoutfunctionality" time="0.816"/>
</testsuite> <!-- Test -->
