<?xml version="1.0" encoding="UTF-8"?>
<!-- Generated by org.testng.reporters.JUnitXMLReporter -->
<testsuite ignored="0" hostname="DESKTOP-FV41P2H" failures="0" tests="3" name="FirefoxTest" time="28.832" errors="0" timestamp="2023-03-07T17:39:55 IST">
  <testcase classname="com.Saucedemo.TestPack.TC03verifyAddToCartfunctionality" name="verifyAddtoCartfunctionality" time="1.713"/>
  <testcase classname="com.Saucedemo.TestPack.TC02verifyLogoutfunctionality" name="verifylogoutfunctionality" time="0.589"/>
  <testcase classname="com.Saucedemo.TestPack.TC01VerifyLoginFunctionality" name="verifyLoginfunctionality" time="0.006"/>
</testsuite> <!-- FirefoxTest -->
