<?xml version="1.0" encoding="UTF-8"?>
<!-- Generated by org.testng.reporters.JUnitXMLReporter -->
<testsuite ignored="0" hostname="DESKTOP-FV41P2H" failures="0" tests="2" name="HighPTest" time="18.78" errors="0" timestamp="2023-03-07T17:47:04 IST">
  <testcase classname="com.Saucedemo.TestPack.TC02verifyLogoutfunctionality" name="verifylogoutfunctionality" time="0.616"/>
  <testcase classname="com.Saucedemo.TestPack.TC01VerifyLoginFunctionality" name="verifyLoginfunctionality" time="0.007"/>
</testsuite> <!-- HighPTest -->
